<!DOCTYPE html PUBLIC "-//W3C//DTD XHTML 1.1//EN" "https://www.w3.org/TR/xhtml11/DTD/xhtml11.dtd">
<html xmlns="https://www.w3.org/1999/xhtml">
<head>
<meta http-equiv="content-type" content="text/html; charset=UTF-8"/>
<title>TestNG Report</title>
<style type="text/css">table {margin-bottom:10px;border-collapse:collapse;empty-cells:show}th,td {border:1px solid #009;padding:.25em .5em}th {vertical-align:bottom}td {vertical-align:top}table a {font-weight:bold}.stripe td {background-color: #E6EBF9}.num {text-align:right}.passedodd td {background-color: #3F3}.passedeven td {background-color: #0A0}.skippedodd td {background-color: #DDD}.skippedeven td {background-color: #CCC}.failedodd td,.attn {background-color: #F33}.failedeven td,.stripe .attn {background-color: #D00}.stacktrace {white-space:pre;font-family:monospace}.totop {font-size:85%;text-align:center;border-bottom:2px solid #000}.invisible {display:none}</style>
</head>
<body>
<table>
<tr><th>Test</th><th># Passed</th><th># Skipped</th><th># Retried</th><th># Failed</th><th>Time (ms)</th><th>Included Groups</th><th>Excluded Groups</th></tr>
<tr><th colspan="8">NspiraHrmsPortal</th></tr>
<tr><td><a href="#t0">LoginRunner</a></td><td class="num">1</td><td class="num">0</td><td class="num">0</td><td class="num">0</td><td class="num">15,852</td><td></td><td></td></tr>
<tr class="stripe"><td><a href="#t1">CreateNewUserr</a></td><td class="num">1</td><td class="num">0</td><td class="num">0</td><td class="num">0</td><td class="num">65,471</td><td></td><td></td></tr>
<tr><td><a href="#t2">UserManagementDropDwn</a></td><td class="num">1</td><td class="num">0</td><td class="num">0</td><td class="num">0</td><td class="num">56,639</td><td></td><td></td></tr>
<tr class="stripe"><td><a href="#t3">sreachUserRunner</a></td><td class="num">1</td><td class="num">0</td><td class="num">0</td><td class="num">0</td><td class="num">60,797</td><td></td><td></td></tr>
<tr><td><a href="#t4">Edit Particulaser details</a></td><td class="num">1</td><td class="num">0</td><td class="num">0</td><td class="num">0</td><td class="num">69,516</td><td></td><td></td></tr>
<tr class="stripe"><td><a href="#t5">CreateDuplicateUser</a></td><td class="num">1</td><td class="num">0</td><td class="num">0</td><td class="num">0</td><td class="num">60,510</td><td></td><td></td></tr>
<tr><td><a href="#t6">View Particular User Details</a></td><td class="num">1</td><td class="num">0</td><td class="num">0</td><td class="num">0</td><td class="num">32,172</td><td></td><td></td></tr>
<tr class="stripe"><td><a href="#t7">SearchForAParticularTeacher</a></td><td class="num">1</td><td class="num">0</td><td class="num">0</td><td class="num">0</td><td class="num">24,192</td><td></td><td></td></tr>
<tr><td><a href="#t8">AddRolesToAparticularUser</a></td><td class="num">0</td><td class="num">0</td><td class="num">0</td><td class="num attn">1</td><td class="num">43,439</td><td></td><td></td></tr>
<tr><th>Total</th><th class="num">8</th><th class="num">0</th><th class="num">0</th><th class="num attn">1</th><th class="num">428,588</th><th colspan="2"></th></tr>
</table>
<table id='summary'><thead><tr><th>Class</th><th>Method</th><th>Start</th><th>Time (ms)</th></tr></thead><tbody><tr><th colspan="4">NspiraHrmsPortal</th></tr></tbody><tbody id="t0"><tr><th colspan="4">LoginRunner &#8212; passed</th></tr><tr class="passedeven"><td rowspan="1">com.cucumber.TestRunner.LoginRunner</td><td><a href="#m0">feature</a></td><td rowspan="1">1709619274630</td><td rowspan="1">10847</td></tr></tbody>
<tbody id="t1"><tr><th colspan="4">CreateNewUserr &#8212; passed</th></tr><tr class="passedeven"><td rowspan="1">com.cucumber.TestRunner.CreateNewUserRunner</td><td><a href="#m1">feature</a></td><td rowspan="1">1709619288899</td><td rowspan="1">62277</td></tr></tbody>
<tbody id="t2"><tr><th colspan="4">UserManagementDropDwn &#8212; passed</th></tr><tr class="passedeven"><td rowspan="1">com.cucumber.TestRunner.UserManagementDropDwnRunner</td><td><a href="#m2">feature</a></td><td rowspan="1">1709619354459</td><td rowspan="1">53369</td></tr></tbody>
<tbody id="t3"><tr><th colspan="4">sreachUserRunner &#8212; passed</th></tr><tr class="passedeven"><td rowspan="1">com.cucumber.TestRunner.sreachUserRunner</td><td><a href="#m3">feature</a></td><td rowspan="1">1709619411186</td><td rowspan="1">57504</td></tr></tbody>
<tbody id="t4"><tr><th colspan="4">Edit Particulaser details &#8212; passed</th></tr><tr class="passedeven"><td rowspan="1">com.cucumber.TestRunner.EditparticularuserdetailsRunner</td><td><a href="#m4">feature</a></td><td rowspan="1">1709619472285</td><td rowspan="1">65917</td></tr></tbody>
<tbody id="t5"><tr><th colspan="4">CreateDuplicateUser &#8212; passed</th></tr><tr class="passedeven"><td rowspan="1">com.cucumber.TestRunner.CreateDuplicateUserRunner</td><td><a href="#m5">feature</a></td><td rowspan="1">1709619541508</td><td rowspan="1">57165</td></tr></tbody>
<tbody id="t6"><tr><th colspan="4">View Particular User Details &#8212; passed</th></tr><tr class="passedeven"><td rowspan="1">com.cucumber.TestRunner.ViewUserRunner</td><td><a href="#m6">feature</a></td><td rowspan="1">1709619601939</td><td rowspan="1">28912</td></tr></tbody>
<tbody id="t7"><tr><th colspan="4">SearchForAParticularTeacher &#8212; passed</th></tr><tr class="passedeven"><td rowspan="1">com.cucumber.TestRunner.SearchForAParticularTeacherRunner</td><td><a href="#m7">feature</a></td><td rowspan="1">1709619633040</td><td rowspan="1">22043</td></tr></tbody>
<tbody id="t8"><tr><th colspan="4">AddRolesToAparticularUser &#8212; failed</th></tr><tr class="failedeven"><td rowspan="1">com.cucumber.TestRunner.addRolesToAparticularUserRunner</td><td><a href="#m8">feature</a></td><td rowspan="1">1709619658403</td><td rowspan="1">40073</td></tr></tbody>
</table>
<h2>LoginRunner</h2><h3 id="m0">com.cucumber.TestRunner.LoginRunner#feature</h3><table class="result"><tr class="param"><th>Parameter #1</th></tr><tr class="param stripe"><td>Login - Check the flow of login with valid credentials</td></tr><tr><th>Messages</th></tr><tr><td><div class="messages">About to begin executing following method : AbstractTestNGCucumberTests.feature<br/>Completed executing following method : AbstractTestNGCucumberTests.feature<br/>Test Method resides in com.cucumber.TestRunner.LoginRunner<br/>Test Method had the following parameters : nullLogin - Check the flow of login with valid credentials,<br/>Test Status: Pass</div></td></tr></table><p class="totop"><a href="#summary">back to summary</a></p>
<h2>CreateNewUserr</h2><h3 id="m1">com.cucumber.TestRunner.CreateNewUserRunner#feature</h3><table class="result"><tr class="param"><th>Parameter #1</th></tr><tr class="param stripe"><td>Administrator - Check the flow of Create New User</td></tr><tr><th>Messages</th></tr><tr><td><div class="messages">About to begin executing following method : AbstractTestNGCucumberTests.feature<br/>Completed executing following method : AbstractTestNGCucumberTests.feature<br/>Test Method resides in com.cucumber.TestRunner.CreateNewUserRunner<br/>Test Method had the following parameters : nullAdministrator - Check the flow of Create New User,<br/>Test Status: Pass</div></td></tr></table><p class="totop"><a href="#summary">back to summary</a></p>
<h2>UserManagementDropDwn</h2><h3 id="m2">com.cucumber.TestRunner.UserManagementDropDwnRunner#feature</h3><table class="result"><tr class="param"><th>Parameter #1</th></tr><tr class="param stripe"><td>Administrator - Check the flow of all User Management Drop Down Handle</td></tr><tr><th>Messages</th></tr><tr><td><div class="messages">About to begin executing following method : AbstractTestNGCucumberTests.feature<br/>Completed executing following method : AbstractTestNGCucumberTests.feature<br/>Test Method resides in com.cucumber.TestRunner.UserManagementDropDwnRunner<br/>Test Method had the following parameters : nullAdministrator - Check the flow of all User Management Drop Down Handle,<br/>Test Status: Pass</div></td></tr></table><p class="totop"><a href="#summary">back to summary</a></p>
<h2>sreachUserRunner</h2><h3 id="m3">com.cucumber.TestRunner.sreachUserRunner#feature</h3><table class="result"><tr class="param"><th>Parameter #1</th></tr><tr class="param stripe"><td>Administrator - Search User</td></tr><tr><th>Messages</th></tr><tr><td><div class="messages">About to begin executing following method : AbstractTestNGCucumberTests.feature<br/>Completed executing following method : AbstractTestNGCucumberTests.feature<br/>Test Method resides in com.cucumber.TestRunner.sreachUserRunner<br/>Test Method had the following parameters : nullAdministrator - Search User,<br/>Test Status: Pass</div></td></tr></table><p class="totop"><a href="#summary">back to summary</a></p>
<h2>Edit Particulaser details</h2><h3 id="m4">com.cucumber.TestRunner.EditparticularuserdetailsRunner#feature</h3><table class="result"><tr class="param"><th>Parameter #1</th></tr><tr class="param stripe"><td>Administrator - Edit particular user details</td></tr><tr><th>Messages</th></tr><tr><td><div class="messages">About to begin executing following method : AbstractTestNGCucumberTests.feature<br/>Completed executing following method : AbstractTestNGCucumberTests.feature<br/>Test Method resides in com.cucumber.TestRunner.EditparticularuserdetailsRunner<br/>Test Method had the following parameters : nullAdministrator - Edit particular user details,<br/>Test Status: Pass</div></td></tr></table><p class="totop"><a href="#summary">back to summary</a></p>
<h2>CreateDuplicateUser</h2><h3 id="m5">com.cucumber.TestRunner.CreateDuplicateUserRunner#feature</h3><table class="result"><tr class="param"><th>Parameter #1</th></tr><tr class="param stripe"><td>Administrator - Check the flow of Duplicate user</td></tr><tr><th>Messages</th></tr><tr><td><div class="messages">About to begin executing following method : AbstractTestNGCucumberTests.feature<br/>Completed executing following method : AbstractTestNGCucumberTests.feature<br/>Test Method resides in com.cucumber.TestRunner.CreateDuplicateUserRunner<br/>Test Method had the following parameters : nullAdministrator - Check the flow of Duplicate user,<br/>Test Status: Pass</div></td></tr></table><p class="totop"><a href="#summary">back to summary</a></p>
<h2>View Particular User Details</h2><h3 id="m6">com.cucumber.TestRunner.ViewUserRunner#feature</h3><table class="result"><tr class="param"><th>Parameter #1</th></tr><tr class="param stripe"><td>Administrator - View Particular User Details</td></tr><tr><th>Messages</th></tr><tr><td><div class="messages">About to begin executing following method : AbstractTestNGCucumberTests.feature<br/>Completed executing following method : AbstractTestNGCucumberTests.feature<br/>Test Method resides in com.cucumber.TestRunner.ViewUserRunner<br/>Test Method had the following parameters : nullAdministrator - View Particular User Details,<br/>Test Status: Pass</div></td></tr></table><p class="totop"><a href="#summary">back to summary</a></p>
<h2>SearchForAParticularTeacher</h2><h3 id="m7">com.cucumber.TestRunner.SearchForAParticularTeacherRunner#feature</h3><table class="result"><tr class="param"><th>Parameter #1</th></tr><tr class="param stripe"><td>Administrator - Verify that the Administrator user can search for a particular teacher with a valid username in the Teacher Management.</td></tr><tr><th>Messages</th></tr><tr><td><div class="messages">About to begin executing following method : AbstractTestNGCucumberTests.feature<br/>Completed executing following method : AbstractTestNGCucumberTests.feature<br/>Test Method resides in com.cucumber.TestRunner.SearchForAParticularTeacherRunner<br/>Test Method had the following parameters : nullAdministrator - Verify that the Administrator user can search for a particular teacher with a valid username in the Teacher Management.,<br/>Test Status: Pass</div></td></tr></table><p class="totop"><a href="#summary">back to summary</a></p>
<h2>AddRolesToAparticularUser</h2><h3 id="m8">com.cucumber.TestRunner.addRolesToAparticularUserRunner#feature</h3><table class="result"><tr class="param"><th>Parameter #1</th></tr><tr class="param stripe"><td>Administrator - Verify that the Administrator user can add roles to a particular user in the User Management.</td></tr><tr><th>Messages</th></tr><tr><td><div class="messages">About to begin executing following method : AbstractTestNGCucumberTests.feature<br/>Completed executing following method : AbstractTestNGCucumberTests.feature<br/>Test Method resides in com.cucumber.TestRunner.addRolesToAparticularUserRunner<br/>Test Method had the following parameters : nullAdministrator - Verify that the Administrator user can add roles to a particular user in the User Management.,<br/>Test Status: Failed</div></td></tr><tr><th>Exception</th></tr><tr><td><div class="stacktrace">cucumber.runtime.CucumberException: org.openqa.selenium.NoSuchElementException: no such element: Unable to locate element: {&quot;method&quot;:&quot;xpath&quot;,&quot;selector&quot;:&quot;//span[text()=&apos; ResponsiveEd Institutions &apos;]&quot;}
  (Session info: chrome=121.0.6167.140)
For documentation on this error, please visit: https://www.selenium.dev/documentation/webdriver/troubleshooting/errors#no-such-element-exception
Build info: version: &apos;4.12.1&apos;, revision: &apos;8e34639b11&apos;
System info: os.name: &apos;Windows 11&apos;, os.arch: &apos;amd64&apos;, os.version: &apos;10.0&apos;, java.version: &apos;11.0.20&apos;
Driver info: org.openqa.selenium.chrome.ChromeDriver
Command: [e75944191ee3def947af4767fa9ca627, findElement {using=xpath, value=//span[text()=&apos; ResponsiveEd Institutions &apos;]}]
Capabilities {acceptInsecureCerts: false, browserName: chrome, browserVersion: 121.0.6167.140, chrome: {chromedriverVersion: 121.0.6167.85 (3f98d690ad7e..., userDataDir: C:\Users\SAPPHI~1\AppData\L...}, fedcm:accounts: true, goog:chromeOptions: {debuggerAddress: localhost:55809}, networkConnectionEnabled: false, pageLoadStrategy: normal, platformName: windows, proxy: Proxy(), se:cdp: ws://localhost:55809/devtoo..., se:cdpVersion: 121.0.6167.140, setWindowRect: true, strictFileInteractability: false, timeouts: {implicit: 0, pageLoad: 300000, script: 30000}, unhandledPromptBehavior: dismiss and notify, webauthn:extension:credBlob: true, webauthn:extension:largeBlob: true, webauthn:extension:minPinLength: true, webauthn:extension:prf: true, webauthn:virtualAuthenticators: true}
Session ID: e75944191ee3def947af4767fa9ca627
	at cucumber.api.testng.TestNGCucumberRunner.runCucumber(TestNGCucumberRunner.java:69)
	at cucumber.api.testng.AbstractTestNGCucumberTests.feature(AbstractTestNGCucumberTests.java:21)
	at java.base/java.util.ArrayList.forEach(ArrayList.java:1541)
Caused by: org.openqa.selenium.NoSuchElementException: no such element: Unable to locate element: {&quot;method&quot;:&quot;xpath&quot;,&quot;selector&quot;:&quot;//span[text()=&apos; ResponsiveEd Institutions &apos;]&quot;}
  (Session info: chrome=121.0.6167.140)
For documentation on this error, please visit: https://www.selenium.dev/documentation/webdriver/troubleshooting/errors#no-such-element-exception
Build info: version: &apos;4.12.1&apos;, revision: &apos;8e34639b11&apos;
System info: os.name: &apos;Windows 11&apos;, os.arch: &apos;amd64&apos;, os.version: &apos;10.0&apos;, java.version: &apos;11.0.20&apos;
Driver info: org.openqa.selenium.chrome.ChromeDriver
Command: [e75944191ee3def947af4767fa9ca627, findElement {using=xpath, value=//span[text()=&apos; ResponsiveEd Institutions &apos;]}]
Capabilities {acceptInsecureCerts: false, browserName: chrome, browserVersion: 121.0.6167.140, chrome: {chromedriverVersion: 121.0.6167.85 (3f98d690ad7e..., userDataDir: C:\Users\SAPPHI~1\AppData\L...}, fedcm:accounts: true, goog:chromeOptions: {debuggerAddress: localhost:55809}, networkConnectionEnabled: false, pageLoadStrategy: normal, platformName: windows, proxy: Proxy(), se:cdp: ws://localhost:55809/devtoo..., se:cdpVersion: 121.0.6167.140, setWindowRect: true, strictFileInteractability: false, timeouts: {implicit: 0, pageLoad: 300000, script: 30000}, unhandledPromptBehavior: dismiss and notify, webauthn:extension:credBlob: true, webauthn:extension:largeBlob: true, webauthn:extension:minPinLength: true, webauthn:extension:prf: true, webauthn:virtualAuthenticators: true}
Session ID: e75944191ee3def947af4767fa9ca627
	at org.openqa.selenium.remote.codec.w3c.W3CHttpResponseCodec.createException(W3CHttpResponseCodec.java:200)
	at org.openqa.selenium.remote.codec.w3c.W3CHttpResponseCodec.decode(W3CHttpResponseCodec.java:133)
	at org.openqa.selenium.remote.codec.w3c.W3CHttpResponseCodec.decode(W3CHttpResponseCodec.java:52)
	at org.openqa.selenium.remote.HttpCommandExecutor.execute(HttpCommandExecutor.java:191)
	at org.openqa.selenium.remote.service.DriverCommandExecutor.invokeExecute(DriverCommandExecutor.java:196)
	at org.openqa.selenium.remote.service.DriverCommandExecutor.execute(DriverCommandExecutor.java:171)
	at org.openqa.selenium.remote.RemoteWebDriver.execute(RemoteWebDriver.java:602)
	at org.openqa.selenium.remote.ElementLocation$ElementFinder$2.findElement(ElementLocation.java:165)
	at org.openqa.selenium.remote.ElementLocation.findElement(ElementLocation.java:59)
	at org.openqa.selenium.remote.RemoteWebDriver.findElement(RemoteWebDriver.java:359)
	at org.openqa.selenium.remote.RemoteWebDriver.findElement(RemoteWebDriver.java:353)
	at com.cucumber.PageObjects.addRolesToAparticularUserpageObj.the_User_adds_roles_to_the_user(addRolesToAparticularUserpageObj.java:68)
	at com.cucumber.stepdefination.addRolesToAparticularUserStepDef.the_User_adds_roles_to_the_user(addRolesToAparticularUserStepDef.java:52)
	at âœ½.Then the User adds roles to the user(src/test/resources/features/AddRolesToAparticularUser.feature:11)
... Removed 31 stack frames</div></td></tr></table><p class="totop"><a href="#summary">back to summary</a></p>
</body>
</html>
