<?xml version="1.0" encoding="UTF-8"?>
<testng-results ignored="0" total="4" passed="4" failed="0" skipped="0">
  <reporter-output>
    <line>
      <![CDATA[About to begin executing Suite NspiraHrmsPortal]]>
    </line>
    <line>
      <![CDATA[About to begin executing Test LoginRunner]]>
    </line>
    <line>
      <![CDATA[About to begin executing following method : AbstractTestNGCucumberTests.setUpClass]]>
    </line>
    <line>
      <![CDATA[Completed executing following method : AbstractTestNGCucumberTests.setUpClass]]>
    </line>
    <line>
      <![CDATA[About to begin executing following method : LoginRunner.beforeclass]]>
    </line>
    <line>
      <![CDATA[Completed executing following method : LoginRunner.beforeclass]]>
    </line>
    <line>
      <![CDATA[About to begin executing following method : AbstractTestNGCucumberTests.feature]]>
    </line>
    <line>
      <![CDATA[Completed executing following method : AbstractTestNGCucumberTests.feature]]>
    </line>
    <line>
      <![CDATA[Test Method resides in com.cucumber.TestRunner.LoginRunner]]>
    </line>
    <line>
      <![CDATA[Test Method had the following parameters : nullLogin - Check the flow of login with valid credentials,]]>
    </line>
    <line>
      <![CDATA[Test Status: Pass]]>
    </line>
    <line>
      <![CDATA[About to begin executing following method : LoginRunner.testDownClass]]>
    </line>
    <line>
      <![CDATA[Completed executing following method : LoginRunner.testDownClass]]>
    </line>
    <line>
      <![CDATA[About to begin executing following method : AbstractTestNGCucumberTests.tearDownClass]]>
    </line>
    <line>
      <![CDATA[Completed executing following method : AbstractTestNGCucumberTests.tearDownClass]]>
    </line>
    <line>
      <![CDATA[Completed executing test LoginRunner]]>
    </line>
    <line>
      <![CDATA[About to begin executing Test CreateNewUserr]]>
    </line>
    <line>
      <![CDATA[About to begin executing following method : AbstractTestNGCucumberTests.setUpClass]]>
    </line>
    <line>
      <![CDATA[Completed executing following method : AbstractTestNGCucumberTests.setUpClass]]>
    </line>
    <line>
      <![CDATA[About to begin executing following method : CreateNewUserRunner.beforeclass]]>
    </line>
    <line>
      <![CDATA[Completed executing following method : CreateNewUserRunner.beforeclass]]>
    </line>
    <line>
      <![CDATA[About to begin executing following method : AbstractTestNGCucumberTests.feature]]>
    </line>
    <line>
      <![CDATA[Completed executing following method : AbstractTestNGCucumberTests.feature]]>
    </line>
    <line>
      <![CDATA[Test Method resides in com.cucumber.TestRunner.CreateNewUserRunner]]>
    </line>
    <line>
      <![CDATA[Test Method had the following parameters : nullAdministrator - Check the flow of Create New User,]]>
    </line>
    <line>
      <![CDATA[Test Status: Pass]]>
    </line>
    <line>
      <![CDATA[About to begin executing following method : CreateNewUserRunner.testDownClass]]>
    </line>
    <line>
      <![CDATA[Completed executing following method : CreateNewUserRunner.testDownClass]]>
    </line>
    <line>
      <![CDATA[About to begin executing following method : AbstractTestNGCucumberTests.tearDownClass]]>
    </line>
    <line>
      <![CDATA[Completed executing following method : AbstractTestNGCucumberTests.tearDownClass]]>
    </line>
    <line>
      <![CDATA[Completed executing test CreateNewUserr]]>
    </line>
    <line>
      <![CDATA[About to begin executing Test UserManagementDropDwn]]>
    </line>
    <line>
      <![CDATA[About to begin executing following method : AbstractTestNGCucumberTests.setUpClass]]>
    </line>
    <line>
      <![CDATA[Completed executing following method : AbstractTestNGCucumberTests.setUpClass]]>
    </line>
    <line>
      <![CDATA[About to begin executing following method : UserManagementDropDwnRunner.beforeclass]]>
    </line>
    <line>
      <![CDATA[Completed executing following method : UserManagementDropDwnRunner.beforeclass]]>
    </line>
    <line>
      <![CDATA[About to begin executing following method : AbstractTestNGCucumberTests.feature]]>
    </line>
    <line>
      <![CDATA[Completed executing following method : AbstractTestNGCucumberTests.feature]]>
    </line>
    <line>
      <![CDATA[Test Method resides in com.cucumber.TestRunner.UserManagementDropDwnRunner]]>
    </line>
    <line>
      <![CDATA[Test Method had the following parameters : nullAdministrator - Check the flow of all User Management Drop Down Handle,]]>
    </line>
    <line>
      <![CDATA[Test Status: Pass]]>
    </line>
    <line>
      <![CDATA[About to begin executing following method : UserManagementDropDwnRunner.testDownClass]]>
    </line>
    <line>
      <![CDATA[Completed executing following method : UserManagementDropDwnRunner.testDownClass]]>
    </line>
    <line>
      <![CDATA[About to begin executing following method : AbstractTestNGCucumberTests.tearDownClass]]>
    </line>
    <line>
      <![CDATA[Completed executing following method : AbstractTestNGCucumberTests.tearDownClass]]>
    </line>
    <line>
      <![CDATA[Completed executing test UserManagementDropDwn]]>
    </line>
    <line>
      <![CDATA[About to begin executing Test sreachUserRunner]]>
    </line>
    <line>
      <![CDATA[About to begin executing following method : AbstractTestNGCucumberTests.setUpClass]]>
    </line>
    <line>
      <![CDATA[Completed executing following method : AbstractTestNGCucumberTests.setUpClass]]>
    </line>
    <line>
      <![CDATA[About to begin executing following method : sreachUserRunner.beforeclass]]>
    </line>
    <line>
      <![CDATA[Completed executing following method : sreachUserRunner.beforeclass]]>
    </line>
    <line>
      <![CDATA[About to begin executing following method : AbstractTestNGCucumberTests.feature]]>
    </line>
    <line>
      <![CDATA[Completed executing following method : AbstractTestNGCucumberTests.feature]]>
    </line>
    <line>
      <![CDATA[Test Method resides in com.cucumber.TestRunner.sreachUserRunner]]>
    </line>
    <line>
      <![CDATA[Test Method had the following parameters : nullAdministrator - Search User,]]>
    </line>
    <line>
      <![CDATA[Test Status: Pass]]>
    </line>
    <line>
      <![CDATA[About to begin executing following method : sreachUserRunner.testDownClass]]>
    </line>
    <line>
      <![CDATA[Completed executing following method : sreachUserRunner.testDownClass]]>
    </line>
    <line>
      <![CDATA[About to begin executing following method : AbstractTestNGCucumberTests.tearDownClass]]>
    </line>
    <line>
      <![CDATA[Completed executing following method : AbstractTestNGCucumberTests.tearDownClass]]>
    </line>
  </reporter-output>
  <suite started-at="2024-02-01T20:24:43 IST" name="NspiraHrmsPortal" finished-at="2024-02-01T20:27:53 IST" duration-ms="189809">
    <groups>
      <group name="cucumber">
        <method signature="AbstractTestNGCucumberTests.feature(cucumber.api.testng.CucumberFeatureWrapper)[pri:0, instance:com.cucumber.TestRunner.LoginRunner@23e84203]" name="feature" class="cucumber.api.testng.AbstractTestNGCucumberTests"/>
        <method signature="AbstractTestNGCucumberTests.feature(cucumber.api.testng.CucumberFeatureWrapper)[pri:0, instance:com.cucumber.TestRunner.CreateNewUserRunner@3cce5371]" name="feature" class="cucumber.api.testng.AbstractTestNGCucumberTests"/>
        <method signature="AbstractTestNGCucumberTests.feature(cucumber.api.testng.CucumberFeatureWrapper)[pri:0, instance:com.cucumber.TestRunner.UserManagementDropDwnRunner@48e1f6c7]" name="feature" class="cucumber.api.testng.AbstractTestNGCucumberTests"/>
        <method signature="AbstractTestNGCucumberTests.feature(cucumber.api.testng.CucumberFeatureWrapper)[pri:0, instance:com.cucumber.TestRunner.sreachUserRunner@65f8f5ae]" name="feature" class="cucumber.api.testng.AbstractTestNGCucumberTests"/>
      </group> <!-- cucumber -->
    </groups>
    <test started-at="2024-02-01T20:24:43 IST" name="LoginRunner" finished-at="2024-02-01T20:24:59 IST" duration-ms="15282">
      <class name="com.cucumber.TestRunner.LoginRunner">
        <test-method is-config="true" signature="setUpClass()[pri:0, instance:com.cucumber.TestRunner.LoginRunner@23e84203]" started-at="2024-02-01T20:24:43 IST" name="setUpClass" finished-at="2024-02-01T20:24:44 IST" duration-ms="194" status="PASS">
          <reporter-output>
            <line>
              <![CDATA[Completed executing following method : AbstractTestNGCucumberTests.setUpClass]]>
            </line>
          </reporter-output>
        </test-method> <!-- setUpClass -->
        <test-method is-config="true" signature="beforeclass(java.lang.String)[pri:0, instance:com.cucumber.TestRunner.LoginRunner@23e84203]" started-at="2024-02-01T20:24:44 IST" name="beforeclass" finished-at="2024-02-01T20:24:47 IST" duration-ms="3605" status="PASS">
          <params>
            <param index="0">
              <value>
                <![CDATA[chrome]]>
              </value>
            </param>
          </params>
          <reporter-output>
            <line>
              <![CDATA[Completed executing following method : LoginRunner.beforeclass]]>
            </line>
          </reporter-output>
        </test-method> <!-- beforeclass -->
        <test-method signature="feature(cucumber.api.testng.CucumberFeatureWrapper)[pri:0, instance:com.cucumber.TestRunner.LoginRunner@23e84203]" started-at="2024-02-01T20:24:47 IST" name="feature" description="Runs Cucumber Feature" data-provider="features" finished-at="2024-02-01T20:24:58 IST" duration-ms="10905" status="PASS">
          <params>
            <param index="0">
              <value>
                <![CDATA[Login - Check the flow of login with valid credentials]]>
              </value>
            </param>
          </params>
          <reporter-output>
            <line>
              <![CDATA[About to begin executing following method : AbstractTestNGCucumberTests.feature]]>
            </line>
            <line>
              <![CDATA[Completed executing following method : AbstractTestNGCucumberTests.feature]]>
            </line>
            <line>
              <![CDATA[Test Method resides in com.cucumber.TestRunner.LoginRunner]]>
            </line>
            <line>
              <![CDATA[Test Method had the following parameters : nullLogin - Check the flow of login with valid credentials,]]>
            </line>
            <line>
              <![CDATA[Test Status: Pass]]>
            </line>
          </reporter-output>
        </test-method> <!-- feature -->
        <test-method is-config="true" signature="testDownClass()[pri:0, instance:com.cucumber.TestRunner.LoginRunner@23e84203]" started-at="2024-02-01T20:24:58 IST" name="testDownClass" finished-at="2024-02-01T20:24:58 IST" duration-ms="213" status="PASS">
          <reporter-output>
            <line>
              <![CDATA[Completed executing following method : LoginRunner.testDownClass]]>
            </line>
          </reporter-output>
        </test-method> <!-- testDownClass -->
        <test-method is-config="true" signature="tearDownClass()[pri:0, instance:com.cucumber.TestRunner.LoginRunner@23e84203]" started-at="2024-02-01T20:24:58 IST" name="tearDownClass" finished-at="2024-02-01T20:24:59 IST" duration-ms="293" status="PASS">
          <reporter-output>
            <line>
              <![CDATA[Completed executing following method : AbstractTestNGCucumberTests.tearDownClass]]>
            </line>
          </reporter-output>
        </test-method> <!-- tearDownClass -->
      </class> <!-- com.cucumber.TestRunner.LoginRunner -->
    </test> <!-- LoginRunner -->
    <test started-at="2024-02-01T20:24:59 IST" name="CreateNewUserr" finished-at="2024-02-01T20:26:01 IST" duration-ms="62454">
      <class name="com.cucumber.TestRunner.CreateNewUserRunner">
        <test-method is-config="true" signature="setUpClass()[pri:0, instance:com.cucumber.TestRunner.CreateNewUserRunner@3cce5371]" started-at="2024-02-01T20:24:59 IST" name="setUpClass" finished-at="2024-02-01T20:24:59 IST" duration-ms="17" status="PASS">
          <reporter-output>
            <line>
              <![CDATA[Completed executing following method : AbstractTestNGCucumberTests.setUpClass]]>
            </line>
          </reporter-output>
        </test-method> <!-- setUpClass -->
        <test-method is-config="true" signature="beforeclass(java.lang.String)[pri:0, instance:com.cucumber.TestRunner.CreateNewUserRunner@3cce5371]" started-at="2024-02-01T20:24:59 IST" name="beforeclass" finished-at="2024-02-01T20:25:01 IST" duration-ms="2294" status="PASS">
          <params>
            <param index="0">
              <value>
                <![CDATA[chrome]]>
              </value>
            </param>
          </params>
          <reporter-output>
            <line>
              <![CDATA[Completed executing following method : CreateNewUserRunner.beforeclass]]>
            </line>
          </reporter-output>
        </test-method> <!-- beforeclass -->
        <test-method signature="feature(cucumber.api.testng.CucumberFeatureWrapper)[pri:0, instance:com.cucumber.TestRunner.CreateNewUserRunner@3cce5371]" started-at="2024-02-01T20:25:01 IST" name="feature" description="Runs Cucumber Feature" data-provider="features" finished-at="2024-02-01T20:26:01 IST" duration-ms="59900" status="PASS">
          <params>
            <param index="0">
              <value>
                <![CDATA[Administrator - Check the flow of Create New User]]>
              </value>
            </param>
          </params>
          <reporter-output>
            <line>
              <![CDATA[About to begin executing following method : AbstractTestNGCucumberTests.feature]]>
            </line>
            <line>
              <![CDATA[Completed executing following method : AbstractTestNGCucumberTests.feature]]>
            </line>
            <line>
              <![CDATA[Test Method resides in com.cucumber.TestRunner.CreateNewUserRunner]]>
            </line>
            <line>
              <![CDATA[Test Method had the following parameters : nullAdministrator - Check the flow of Create New User,]]>
            </line>
            <line>
              <![CDATA[Test Status: Pass]]>
            </line>
          </reporter-output>
        </test-method> <!-- feature -->
        <test-method is-config="true" signature="testDownClass()[pri:0, instance:com.cucumber.TestRunner.CreateNewUserRunner@3cce5371]" started-at="2024-02-01T20:26:01 IST" name="testDownClass" finished-at="2024-02-01T20:26:01 IST" duration-ms="178" status="PASS">
          <reporter-output>
            <line>
              <![CDATA[Completed executing following method : CreateNewUserRunner.testDownClass]]>
            </line>
          </reporter-output>
        </test-method> <!-- testDownClass -->
        <test-method is-config="true" signature="tearDownClass()[pri:0, instance:com.cucumber.TestRunner.CreateNewUserRunner@3cce5371]" started-at="2024-02-01T20:26:01 IST" name="tearDownClass" finished-at="2024-02-01T20:26:01 IST" duration-ms="59" status="PASS">
          <reporter-output>
            <line>
              <![CDATA[Completed executing following method : AbstractTestNGCucumberTests.tearDownClass]]>
            </line>
          </reporter-output>
        </test-method> <!-- tearDownClass -->
      </class> <!-- com.cucumber.TestRunner.CreateNewUserRunner -->
    </test> <!-- CreateNewUserr -->
    <test started-at="2024-02-01T20:26:01 IST" name="UserManagementDropDwn" finished-at="2024-02-01T20:26:55 IST" duration-ms="53908">
      <class name="com.cucumber.TestRunner.UserManagementDropDwnRunner">
        <test-method is-config="true" signature="setUpClass()[pri:0, instance:com.cucumber.TestRunner.UserManagementDropDwnRunner@48e1f6c7]" started-at="2024-02-01T20:26:01 IST" name="setUpClass" finished-at="2024-02-01T20:26:01 IST" duration-ms="13" status="PASS">
          <reporter-output>
            <line>
              <![CDATA[Completed executing following method : AbstractTestNGCucumberTests.setUpClass]]>
            </line>
          </reporter-output>
        </test-method> <!-- setUpClass -->
        <test-method is-config="true" signature="beforeclass(java.lang.String)[pri:0, instance:com.cucumber.TestRunner.UserManagementDropDwnRunner@48e1f6c7]" started-at="2024-02-01T20:26:01 IST" name="beforeclass" finished-at="2024-02-01T20:26:04 IST" duration-ms="2315" status="PASS">
          <params>
            <param index="0">
              <value>
                <![CDATA[chrome]]>
              </value>
            </param>
          </params>
          <reporter-output>
            <line>
              <![CDATA[Completed executing following method : UserManagementDropDwnRunner.beforeclass]]>
            </line>
          </reporter-output>
        </test-method> <!-- beforeclass -->
        <test-method signature="feature(cucumber.api.testng.CucumberFeatureWrapper)[pri:0, instance:com.cucumber.TestRunner.UserManagementDropDwnRunner@48e1f6c7]" started-at="2024-02-01T20:26:04 IST" name="feature" description="Runs Cucumber Feature" data-provider="features" finished-at="2024-02-01T20:26:55 IST" duration-ms="51343" status="PASS">
          <params>
            <param index="0">
              <value>
                <![CDATA[Administrator - Check the flow of all User Management Drop Down Handle]]>
              </value>
            </param>
          </params>
          <reporter-output>
            <line>
              <![CDATA[About to begin executing following method : AbstractTestNGCucumberTests.feature]]>
            </line>
            <line>
              <![CDATA[Completed executing following method : AbstractTestNGCucumberTests.feature]]>
            </line>
            <line>
              <![CDATA[Test Method resides in com.cucumber.TestRunner.UserManagementDropDwnRunner]]>
            </line>
            <line>
              <![CDATA[Test Method had the following parameters : nullAdministrator - Check the flow of all User Management Drop Down Handle,]]>
            </line>
            <line>
              <![CDATA[Test Status: Pass]]>
            </line>
          </reporter-output>
        </test-method> <!-- feature -->
        <test-method is-config="true" signature="testDownClass()[pri:0, instance:com.cucumber.TestRunner.UserManagementDropDwnRunner@48e1f6c7]" started-at="2024-02-01T20:26:55 IST" name="testDownClass" finished-at="2024-02-01T20:26:55 IST" duration-ms="188" status="PASS">
          <reporter-output>
            <line>
              <![CDATA[Completed executing following method : UserManagementDropDwnRunner.testDownClass]]>
            </line>
          </reporter-output>
        </test-method> <!-- testDownClass -->
        <test-method is-config="true" signature="tearDownClass()[pri:0, instance:com.cucumber.TestRunner.UserManagementDropDwnRunner@48e1f6c7]" started-at="2024-02-01T20:26:55 IST" name="tearDownClass" finished-at="2024-02-01T20:26:55 IST" duration-ms="43" status="PASS">
          <reporter-output>
            <line>
              <![CDATA[Completed executing following method : AbstractTestNGCucumberTests.tearDownClass]]>
            </line>
          </reporter-output>
        </test-method> <!-- tearDownClass -->
      </class> <!-- com.cucumber.TestRunner.UserManagementDropDwnRunner -->
    </test> <!-- UserManagementDropDwn -->
    <test started-at="2024-02-01T20:26:55 IST" name="sreachUserRunner" finished-at="2024-02-01T20:27:53 IST" duration-ms="58149">
      <class name="com.cucumber.TestRunner.sreachUserRunner">
        <test-method is-config="true" signature="setUpClass()[pri:0, instance:com.cucumber.TestRunner.sreachUserRunner@65f8f5ae]" started-at="2024-02-01T20:26:55 IST" name="setUpClass" finished-at="2024-02-01T20:26:55 IST" duration-ms="9" status="PASS">
          <reporter-output>
            <line>
              <![CDATA[Completed executing following method : AbstractTestNGCucumberTests.setUpClass]]>
            </line>
          </reporter-output>
        </test-method> <!-- setUpClass -->
        <test-method is-config="true" signature="beforeclass(java.lang.String)[pri:0, instance:com.cucumber.TestRunner.sreachUserRunner@65f8f5ae]" started-at="2024-02-01T20:26:55 IST" name="beforeclass" finished-at="2024-02-01T20:26:58 IST" duration-ms="2421" status="PASS">
          <params>
            <param index="0">
              <value>
                <![CDATA[chrome]]>
              </value>
            </param>
          </params>
          <reporter-output>
            <line>
              <![CDATA[Completed executing following method : sreachUserRunner.beforeclass]]>
            </line>
          </reporter-output>
        </test-method> <!-- beforeclass -->
        <test-method signature="feature(cucumber.api.testng.CucumberFeatureWrapper)[pri:0, instance:com.cucumber.TestRunner.sreachUserRunner@65f8f5ae]" started-at="2024-02-01T20:26:58 IST" name="feature" description="Runs Cucumber Feature" data-provider="features" finished-at="2024-02-01T20:27:53 IST" duration-ms="55486" status="PASS">
          <params>
            <param index="0">
              <value>
                <![CDATA[Administrator - Search User]]>
              </value>
            </param>
          </params>
          <reporter-output>
            <line>
              <![CDATA[About to begin executing following method : AbstractTestNGCucumberTests.feature]]>
            </line>
            <line>
              <![CDATA[Completed executing following method : AbstractTestNGCucumberTests.feature]]>
            </line>
            <line>
              <![CDATA[Test Method resides in com.cucumber.TestRunner.sreachUserRunner]]>
            </line>
            <line>
              <![CDATA[Test Method had the following parameters : nullAdministrator - Search User,]]>
            </line>
            <line>
              <![CDATA[Test Status: Pass]]>
            </line>
          </reporter-output>
        </test-method> <!-- feature -->
        <test-method is-config="true" signature="testDownClass()[pri:0, instance:com.cucumber.TestRunner.sreachUserRunner@65f8f5ae]" started-at="2024-02-01T20:27:53 IST" name="testDownClass" finished-at="2024-02-01T20:27:53 IST" duration-ms="189" status="PASS">
          <reporter-output>
            <line>
              <![CDATA[Completed executing following method : sreachUserRunner.testDownClass]]>
            </line>
          </reporter-output>
        </test-method> <!-- testDownClass -->
        <test-method is-config="true" signature="tearDownClass()[pri:0, instance:com.cucumber.TestRunner.sreachUserRunner@65f8f5ae]" started-at="2024-02-01T20:27:53 IST" name="tearDownClass" finished-at="2024-02-01T20:27:53 IST" duration-ms="40" status="PASS">
          <reporter-output>
            <line>
              <![CDATA[Completed executing following method : AbstractTestNGCucumberTests.tearDownClass]]>
            </line>
          </reporter-output>
        </test-method> <!-- tearDownClass -->
      </class> <!-- com.cucumber.TestRunner.sreachUserRunner -->
    </test> <!-- sreachUserRunner -->
  </suite> <!-- NspiraHrmsPortal -->
</testng-results>
