<?xml version="1.0" encoding="UTF-8"?>
<testng-results ignored="0" total="6" passed="6" failed="0" skipped="0">
  <reporter-output>
    <line>
      <![CDATA[About to begin executing Suite NspiraHrmsPortal]]>
    </line>
    <line>
      <![CDATA[About to begin executing Test LoginRunner]]>
    </line>
    <line>
      <![CDATA[About to begin executing following method : AbstractTestNGCucumberTests.setUpClass]]>
    </line>
    <line>
      <![CDATA[Completed executing following method : AbstractTestNGCucumberTests.setUpClass]]>
    </line>
    <line>
      <![CDATA[About to begin executing following method : LoginRunner.beforeclass]]>
    </line>
    <line>
      <![CDATA[Completed executing following method : LoginRunner.beforeclass]]>
    </line>
    <line>
      <![CDATA[About to begin executing following method : AbstractTestNGCucumberTests.feature]]>
    </line>
    <line>
      <![CDATA[Completed executing following method : AbstractTestNGCucumberTests.feature]]>
    </line>
    <line>
      <![CDATA[Test Method resides in com.cucumber.TestRunner.LoginRunner]]>
    </line>
    <line>
      <![CDATA[Test Method had the following parameters : nullLogin - Check the flow of login with valid credentials,]]>
    </line>
    <line>
      <![CDATA[Test Status: Pass]]>
    </line>
    <line>
      <![CDATA[About to begin executing following method : LoginRunner.testDownClass]]>
    </line>
    <line>
      <![CDATA[Completed executing following method : LoginRunner.testDownClass]]>
    </line>
    <line>
      <![CDATA[About to begin executing following method : AbstractTestNGCucumberTests.tearDownClass]]>
    </line>
    <line>
      <![CDATA[Completed executing following method : AbstractTestNGCucumberTests.tearDownClass]]>
    </line>
    <line>
      <![CDATA[Completed executing test LoginRunner]]>
    </line>
    <line>
      <![CDATA[About to begin executing Test CreateNewUserr]]>
    </line>
    <line>
      <![CDATA[About to begin executing following method : AbstractTestNGCucumberTests.setUpClass]]>
    </line>
    <line>
      <![CDATA[Completed executing following method : AbstractTestNGCucumberTests.setUpClass]]>
    </line>
    <line>
      <![CDATA[About to begin executing following method : CreateNewUserRunner.beforeclass]]>
    </line>
    <line>
      <![CDATA[Completed executing following method : CreateNewUserRunner.beforeclass]]>
    </line>
    <line>
      <![CDATA[About to begin executing following method : AbstractTestNGCucumberTests.feature]]>
    </line>
    <line>
      <![CDATA[Completed executing following method : AbstractTestNGCucumberTests.feature]]>
    </line>
    <line>
      <![CDATA[Test Method resides in com.cucumber.TestRunner.CreateNewUserRunner]]>
    </line>
    <line>
      <![CDATA[Test Method had the following parameters : nullAdministrator - Check the flow of Create New User,]]>
    </line>
    <line>
      <![CDATA[Test Status: Pass]]>
    </line>
    <line>
      <![CDATA[About to begin executing following method : CreateNewUserRunner.testDownClass]]>
    </line>
    <line>
      <![CDATA[Completed executing following method : CreateNewUserRunner.testDownClass]]>
    </line>
    <line>
      <![CDATA[About to begin executing following method : AbstractTestNGCucumberTests.tearDownClass]]>
    </line>
    <line>
      <![CDATA[Completed executing following method : AbstractTestNGCucumberTests.tearDownClass]]>
    </line>
    <line>
      <![CDATA[Completed executing test CreateNewUserr]]>
    </line>
    <line>
      <![CDATA[About to begin executing Test UserManagementDropDwn]]>
    </line>
    <line>
      <![CDATA[About to begin executing following method : AbstractTestNGCucumberTests.setUpClass]]>
    </line>
    <line>
      <![CDATA[Completed executing following method : AbstractTestNGCucumberTests.setUpClass]]>
    </line>
    <line>
      <![CDATA[About to begin executing following method : UserManagementDropDwnRunner.beforeclass]]>
    </line>
    <line>
      <![CDATA[Completed executing following method : UserManagementDropDwnRunner.beforeclass]]>
    </line>
    <line>
      <![CDATA[About to begin executing following method : AbstractTestNGCucumberTests.feature]]>
    </line>
    <line>
      <![CDATA[Completed executing following method : AbstractTestNGCucumberTests.feature]]>
    </line>
    <line>
      <![CDATA[Test Method resides in com.cucumber.TestRunner.UserManagementDropDwnRunner]]>
    </line>
    <line>
      <![CDATA[Test Method had the following parameters : nullAdministrator - Check the flow of all User Management Drop Down Handle,]]>
    </line>
    <line>
      <![CDATA[Test Status: Pass]]>
    </line>
    <line>
      <![CDATA[About to begin executing following method : UserManagementDropDwnRunner.testDownClass]]>
    </line>
    <line>
      <![CDATA[Completed executing following method : UserManagementDropDwnRunner.testDownClass]]>
    </line>
    <line>
      <![CDATA[About to begin executing following method : AbstractTestNGCucumberTests.tearDownClass]]>
    </line>
    <line>
      <![CDATA[Completed executing following method : AbstractTestNGCucumberTests.tearDownClass]]>
    </line>
    <line>
      <![CDATA[Completed executing test UserManagementDropDwn]]>
    </line>
    <line>
      <![CDATA[About to begin executing Test sreachUserRunner]]>
    </line>
    <line>
      <![CDATA[About to begin executing following method : AbstractTestNGCucumberTests.setUpClass]]>
    </line>
    <line>
      <![CDATA[Completed executing following method : AbstractTestNGCucumberTests.setUpClass]]>
    </line>
    <line>
      <![CDATA[About to begin executing following method : sreachUserRunner.beforeclass]]>
    </line>
    <line>
      <![CDATA[Completed executing following method : sreachUserRunner.beforeclass]]>
    </line>
    <line>
      <![CDATA[About to begin executing following method : AbstractTestNGCucumberTests.feature]]>
    </line>
    <line>
      <![CDATA[Completed executing following method : AbstractTestNGCucumberTests.feature]]>
    </line>
    <line>
      <![CDATA[Test Method resides in com.cucumber.TestRunner.sreachUserRunner]]>
    </line>
    <line>
      <![CDATA[Test Method had the following parameters : nullAdministrator - Search User,]]>
    </line>
    <line>
      <![CDATA[Test Status: Pass]]>
    </line>
    <line>
      <![CDATA[About to begin executing following method : sreachUserRunner.testDownClass]]>
    </line>
    <line>
      <![CDATA[Completed executing following method : sreachUserRunner.testDownClass]]>
    </line>
    <line>
      <![CDATA[About to begin executing following method : AbstractTestNGCucumberTests.tearDownClass]]>
    </line>
    <line>
      <![CDATA[Completed executing following method : AbstractTestNGCucumberTests.tearDownClass]]>
    </line>
    <line>
      <![CDATA[Completed executing test sreachUserRunner]]>
    </line>
    <line>
      <![CDATA[About to begin executing Test Edit Particulaser details]]>
    </line>
    <line>
      <![CDATA[About to begin executing following method : AbstractTestNGCucumberTests.setUpClass]]>
    </line>
    <line>
      <![CDATA[Completed executing following method : AbstractTestNGCucumberTests.setUpClass]]>
    </line>
    <line>
      <![CDATA[About to begin executing following method : EditparticularuserdetailsRunner.beforeclass]]>
    </line>
    <line>
      <![CDATA[Completed executing following method : EditparticularuserdetailsRunner.beforeclass]]>
    </line>
    <line>
      <![CDATA[About to begin executing following method : AbstractTestNGCucumberTests.feature]]>
    </line>
    <line>
      <![CDATA[Completed executing following method : AbstractTestNGCucumberTests.feature]]>
    </line>
    <line>
      <![CDATA[Test Method resides in com.cucumber.TestRunner.EditparticularuserdetailsRunner]]>
    </line>
    <line>
      <![CDATA[Test Method had the following parameters : nullAdministrator - Edit particular user details,]]>
    </line>
    <line>
      <![CDATA[Test Status: Pass]]>
    </line>
    <line>
      <![CDATA[About to begin executing following method : EditparticularuserdetailsRunner.testDownClass]]>
    </line>
    <line>
      <![CDATA[Completed executing following method : EditparticularuserdetailsRunner.testDownClass]]>
    </line>
    <line>
      <![CDATA[About to begin executing following method : AbstractTestNGCucumberTests.tearDownClass]]>
    </line>
    <line>
      <![CDATA[Completed executing following method : AbstractTestNGCucumberTests.tearDownClass]]>
    </line>
    <line>
      <![CDATA[Completed executing test Edit Particulaser details]]>
    </line>
    <line>
      <![CDATA[About to begin executing Test CreateDuplicateUser]]>
    </line>
    <line>
      <![CDATA[About to begin executing following method : AbstractTestNGCucumberTests.setUpClass]]>
    </line>
    <line>
      <![CDATA[Completed executing following method : AbstractTestNGCucumberTests.setUpClass]]>
    </line>
    <line>
      <![CDATA[About to begin executing following method : CreateDuplicateUserRunner.beforeclass]]>
    </line>
    <line>
      <![CDATA[Completed executing following method : CreateDuplicateUserRunner.beforeclass]]>
    </line>
    <line>
      <![CDATA[About to begin executing following method : AbstractTestNGCucumberTests.feature]]>
    </line>
    <line>
      <![CDATA[Completed executing following method : AbstractTestNGCucumberTests.feature]]>
    </line>
    <line>
      <![CDATA[Test Method resides in com.cucumber.TestRunner.CreateDuplicateUserRunner]]>
    </line>
    <line>
      <![CDATA[Test Method had the following parameters : nullAdministrator - Check the flow of Duplicate user,]]>
    </line>
    <line>
      <![CDATA[Test Status: Pass]]>
    </line>
    <line>
      <![CDATA[About to begin executing following method : CreateDuplicateUserRunner.testDownClass]]>
    </line>
    <line>
      <![CDATA[Completed executing following method : CreateDuplicateUserRunner.testDownClass]]>
    </line>
    <line>
      <![CDATA[About to begin executing following method : AbstractTestNGCucumberTests.tearDownClass]]>
    </line>
    <line>
      <![CDATA[Completed executing following method : AbstractTestNGCucumberTests.tearDownClass]]>
    </line>
  </reporter-output>
  <suite started-at="2024-02-12T16:48:24 IST" name="NspiraHrmsPortal" finished-at="2024-02-12T16:53:58 IST" duration-ms="333636">
    <groups>
      <group name="cucumber">
        <method signature="AbstractTestNGCucumberTests.feature(cucumber.api.testng.CucumberFeatureWrapper)[pri:0, instance:com.cucumber.TestRunner.LoginRunner@23e84203]" name="feature" class="cucumber.api.testng.AbstractTestNGCucumberTests"/>
        <method signature="AbstractTestNGCucumberTests.feature(cucumber.api.testng.CucumberFeatureWrapper)[pri:0, instance:com.cucumber.TestRunner.CreateNewUserRunner@3cce5371]" name="feature" class="cucumber.api.testng.AbstractTestNGCucumberTests"/>
        <method signature="AbstractTestNGCucumberTests.feature(cucumber.api.testng.CucumberFeatureWrapper)[pri:0, instance:com.cucumber.TestRunner.UserManagementDropDwnRunner@48e1f6c7]" name="feature" class="cucumber.api.testng.AbstractTestNGCucumberTests"/>
        <method signature="AbstractTestNGCucumberTests.feature(cucumber.api.testng.CucumberFeatureWrapper)[pri:0, instance:com.cucumber.TestRunner.sreachUserRunner@65f8f5ae]" name="feature" class="cucumber.api.testng.AbstractTestNGCucumberTests"/>
        <method signature="AbstractTestNGCucumberTests.feature(cucumber.api.testng.CucumberFeatureWrapper)[pri:0, instance:com.cucumber.TestRunner.EditparticularuserdetailsRunner@4b8d604b]" name="feature" class="cucumber.api.testng.AbstractTestNGCucumberTests"/>
        <method signature="AbstractTestNGCucumberTests.feature(cucumber.api.testng.CucumberFeatureWrapper)[pri:0, instance:com.cucumber.TestRunner.CreateDuplicateUserRunner@14fc5f04]" name="feature" class="cucumber.api.testng.AbstractTestNGCucumberTests"/>
      </group> <!-- cucumber -->
    </groups>
    <test started-at="2024-02-12T16:48:24 IST" name="LoginRunner" finished-at="2024-02-12T16:48:42 IST" duration-ms="17470">
      <class name="com.cucumber.TestRunner.LoginRunner">
        <test-method is-config="true" signature="setUpClass()[pri:0, instance:com.cucumber.TestRunner.LoginRunner@23e84203]" started-at="2024-02-12T16:48:24 IST" name="setUpClass" finished-at="2024-02-12T16:48:25 IST" duration-ms="230" status="PASS">
          <reporter-output>
            <line>
              <![CDATA[Completed executing following method : AbstractTestNGCucumberTests.setUpClass]]>
            </line>
          </reporter-output>
        </test-method> <!-- setUpClass -->
        <test-method is-config="true" signature="beforeclass(java.lang.String)[pri:0, instance:com.cucumber.TestRunner.LoginRunner@23e84203]" started-at="2024-02-12T16:48:25 IST" name="beforeclass" finished-at="2024-02-12T16:48:29 IST" duration-ms="4795" status="PASS">
          <params>
            <param index="0">
              <value>
                <![CDATA[chrome]]>
              </value>
            </param>
          </params>
          <reporter-output>
            <line>
              <![CDATA[Completed executing following method : LoginRunner.beforeclass]]>
            </line>
          </reporter-output>
        </test-method> <!-- beforeclass -->
        <test-method signature="feature(cucumber.api.testng.CucumberFeatureWrapper)[pri:0, instance:com.cucumber.TestRunner.LoginRunner@23e84203]" started-at="2024-02-12T16:48:30 IST" name="feature" description="Runs Cucumber Feature" data-provider="features" finished-at="2024-02-12T16:48:41 IST" duration-ms="11730" status="PASS">
          <params>
            <param index="0">
              <value>
                <![CDATA[Login - Check the flow of login with valid credentials]]>
              </value>
            </param>
          </params>
          <reporter-output>
            <line>
              <![CDATA[About to begin executing following method : AbstractTestNGCucumberTests.feature]]>
            </line>
            <line>
              <![CDATA[Completed executing following method : AbstractTestNGCucumberTests.feature]]>
            </line>
            <line>
              <![CDATA[Test Method resides in com.cucumber.TestRunner.LoginRunner]]>
            </line>
            <line>
              <![CDATA[Test Method had the following parameters : nullLogin - Check the flow of login with valid credentials,]]>
            </line>
            <line>
              <![CDATA[Test Status: Pass]]>
            </line>
          </reporter-output>
        </test-method> <!-- feature -->
        <test-method is-config="true" signature="testDownClass()[pri:0, instance:com.cucumber.TestRunner.LoginRunner@23e84203]" started-at="2024-02-12T16:48:41 IST" name="testDownClass" finished-at="2024-02-12T16:48:41 IST" duration-ms="212" status="PASS">
          <reporter-output>
            <line>
              <![CDATA[Completed executing following method : LoginRunner.testDownClass]]>
            </line>
          </reporter-output>
        </test-method> <!-- testDownClass -->
        <test-method is-config="true" signature="tearDownClass()[pri:0, instance:com.cucumber.TestRunner.LoginRunner@23e84203]" started-at="2024-02-12T16:48:41 IST" name="tearDownClass" finished-at="2024-02-12T16:48:42 IST" duration-ms="330" status="PASS">
          <reporter-output>
            <line>
              <![CDATA[Completed executing following method : AbstractTestNGCucumberTests.tearDownClass]]>
            </line>
          </reporter-output>
        </test-method> <!-- tearDownClass -->
      </class> <!-- com.cucumber.TestRunner.LoginRunner -->
    </test> <!-- LoginRunner -->
    <test started-at="2024-02-12T16:48:42 IST" name="CreateNewUserr" finished-at="2024-02-12T16:49:47 IST" duration-ms="65668">
      <class name="com.cucumber.TestRunner.CreateNewUserRunner">
        <test-method is-config="true" signature="setUpClass()[pri:0, instance:com.cucumber.TestRunner.CreateNewUserRunner@3cce5371]" started-at="2024-02-12T16:48:42 IST" name="setUpClass" finished-at="2024-02-12T16:48:42 IST" duration-ms="22" status="PASS">
          <reporter-output>
            <line>
              <![CDATA[Completed executing following method : AbstractTestNGCucumberTests.setUpClass]]>
            </line>
          </reporter-output>
        </test-method> <!-- setUpClass -->
        <test-method is-config="true" signature="beforeclass(java.lang.String)[pri:0, instance:com.cucumber.TestRunner.CreateNewUserRunner@3cce5371]" started-at="2024-02-12T16:48:42 IST" name="beforeclass" finished-at="2024-02-12T16:48:45 IST" duration-ms="3183" status="PASS">
          <params>
            <param index="0">
              <value>
                <![CDATA[chrome]]>
              </value>
            </param>
          </params>
          <reporter-output>
            <line>
              <![CDATA[Completed executing following method : CreateNewUserRunner.beforeclass]]>
            </line>
          </reporter-output>
        </test-method> <!-- beforeclass -->
        <test-method signature="feature(cucumber.api.testng.CucumberFeatureWrapper)[pri:0, instance:com.cucumber.TestRunner.CreateNewUserRunner@3cce5371]" started-at="2024-02-12T16:48:45 IST" name="feature" description="Runs Cucumber Feature" data-provider="features" finished-at="2024-02-12T16:49:47 IST" duration-ms="62209" status="PASS">
          <params>
            <param index="0">
              <value>
                <![CDATA[Administrator - Check the flow of Create New User]]>
              </value>
            </param>
          </params>
          <reporter-output>
            <line>
              <![CDATA[About to begin executing following method : AbstractTestNGCucumberTests.feature]]>
            </line>
            <line>
              <![CDATA[Completed executing following method : AbstractTestNGCucumberTests.feature]]>
            </line>
            <line>
              <![CDATA[Test Method resides in com.cucumber.TestRunner.CreateNewUserRunner]]>
            </line>
            <line>
              <![CDATA[Test Method had the following parameters : nullAdministrator - Check the flow of Create New User,]]>
            </line>
            <line>
              <![CDATA[Test Status: Pass]]>
            </line>
          </reporter-output>
        </test-method> <!-- feature -->
        <test-method is-config="true" signature="testDownClass()[pri:0, instance:com.cucumber.TestRunner.CreateNewUserRunner@3cce5371]" started-at="2024-02-12T16:49:47 IST" name="testDownClass" finished-at="2024-02-12T16:49:47 IST" duration-ms="187" status="PASS">
          <reporter-output>
            <line>
              <![CDATA[Completed executing following method : CreateNewUserRunner.testDownClass]]>
            </line>
          </reporter-output>
        </test-method> <!-- testDownClass -->
        <test-method is-config="true" signature="tearDownClass()[pri:0, instance:com.cucumber.TestRunner.CreateNewUserRunner@3cce5371]" started-at="2024-02-12T16:49:47 IST" name="tearDownClass" finished-at="2024-02-12T16:49:47 IST" duration-ms="61" status="PASS">
          <reporter-output>
            <line>
              <![CDATA[Completed executing following method : AbstractTestNGCucumberTests.tearDownClass]]>
            </line>
          </reporter-output>
        </test-method> <!-- tearDownClass -->
      </class> <!-- com.cucumber.TestRunner.CreateNewUserRunner -->
    </test> <!-- CreateNewUserr -->
    <test started-at="2024-02-12T16:49:47 IST" name="UserManagementDropDwn" finished-at="2024-02-12T16:50:45 IST" duration-ms="57406">
      <class name="com.cucumber.TestRunner.UserManagementDropDwnRunner">
        <test-method is-config="true" signature="setUpClass()[pri:0, instance:com.cucumber.TestRunner.UserManagementDropDwnRunner@48e1f6c7]" started-at="2024-02-12T16:49:47 IST" name="setUpClass" finished-at="2024-02-12T16:49:47 IST" duration-ms="13" status="PASS">
          <reporter-output>
            <line>
              <![CDATA[Completed executing following method : AbstractTestNGCucumberTests.setUpClass]]>
            </line>
          </reporter-output>
        </test-method> <!-- setUpClass -->
        <test-method is-config="true" signature="beforeclass(java.lang.String)[pri:0, instance:com.cucumber.TestRunner.UserManagementDropDwnRunner@48e1f6c7]" started-at="2024-02-12T16:49:47 IST" name="beforeclass" finished-at="2024-02-12T16:49:51 IST" duration-ms="3252" status="PASS">
          <params>
            <param index="0">
              <value>
                <![CDATA[chrome]]>
              </value>
            </param>
          </params>
          <reporter-output>
            <line>
              <![CDATA[Completed executing following method : UserManagementDropDwnRunner.beforeclass]]>
            </line>
          </reporter-output>
        </test-method> <!-- beforeclass -->
        <test-method signature="feature(cucumber.api.testng.CucumberFeatureWrapper)[pri:0, instance:com.cucumber.TestRunner.UserManagementDropDwnRunner@48e1f6c7]" started-at="2024-02-12T16:49:51 IST" name="feature" description="Runs Cucumber Feature" data-provider="features" finished-at="2024-02-12T16:50:45 IST" duration-ms="53913" status="PASS">
          <params>
            <param index="0">
              <value>
                <![CDATA[Administrator - Check the flow of all User Management Drop Down Handle]]>
              </value>
            </param>
          </params>
          <reporter-output>
            <line>
              <![CDATA[About to begin executing following method : AbstractTestNGCucumberTests.feature]]>
            </line>
            <line>
              <![CDATA[Completed executing following method : AbstractTestNGCucumberTests.feature]]>
            </line>
            <line>
              <![CDATA[Test Method resides in com.cucumber.TestRunner.UserManagementDropDwnRunner]]>
            </line>
            <line>
              <![CDATA[Test Method had the following parameters : nullAdministrator - Check the flow of all User Management Drop Down Handle,]]>
            </line>
            <line>
              <![CDATA[Test Status: Pass]]>
            </line>
          </reporter-output>
        </test-method> <!-- feature -->
        <test-method is-config="true" signature="testDownClass()[pri:0, instance:com.cucumber.TestRunner.UserManagementDropDwnRunner@48e1f6c7]" started-at="2024-02-12T16:50:45 IST" name="testDownClass" finished-at="2024-02-12T16:50:45 IST" duration-ms="185" status="PASS">
          <reporter-output>
            <line>
              <![CDATA[Completed executing following method : UserManagementDropDwnRunner.testDownClass]]>
            </line>
          </reporter-output>
        </test-method> <!-- testDownClass -->
        <test-method is-config="true" signature="tearDownClass()[pri:0, instance:com.cucumber.TestRunner.UserManagementDropDwnRunner@48e1f6c7]" started-at="2024-02-12T16:50:45 IST" name="tearDownClass" finished-at="2024-02-12T16:50:45 IST" duration-ms="39" status="PASS">
          <reporter-output>
            <line>
              <![CDATA[Completed executing following method : AbstractTestNGCucumberTests.tearDownClass]]>
            </line>
          </reporter-output>
        </test-method> <!-- tearDownClass -->
      </class> <!-- com.cucumber.TestRunner.UserManagementDropDwnRunner -->
    </test> <!-- UserManagementDropDwn -->
    <test started-at="2024-02-12T16:50:45 IST" name="sreachUserRunner" finished-at="2024-02-12T16:51:47 IST" duration-ms="61680">
      <class name="com.cucumber.TestRunner.sreachUserRunner">
        <test-method is-config="true" signature="setUpClass()[pri:0, instance:com.cucumber.TestRunner.sreachUserRunner@65f8f5ae]" started-at="2024-02-12T16:50:45 IST" name="setUpClass" finished-at="2024-02-12T16:50:45 IST" duration-ms="12" status="PASS">
          <reporter-output>
            <line>
              <![CDATA[Completed executing following method : AbstractTestNGCucumberTests.setUpClass]]>
            </line>
          </reporter-output>
        </test-method> <!-- setUpClass -->
        <test-method is-config="true" signature="beforeclass(java.lang.String)[pri:0, instance:com.cucumber.TestRunner.sreachUserRunner@65f8f5ae]" started-at="2024-02-12T16:50:45 IST" name="beforeclass" finished-at="2024-02-12T16:50:48 IST" duration-ms="3309" status="PASS">
          <params>
            <param index="0">
              <value>
                <![CDATA[chrome]]>
              </value>
            </param>
          </params>
          <reporter-output>
            <line>
              <![CDATA[Completed executing following method : sreachUserRunner.beforeclass]]>
            </line>
          </reporter-output>
        </test-method> <!-- beforeclass -->
        <test-method signature="feature(cucumber.api.testng.CucumberFeatureWrapper)[pri:0, instance:com.cucumber.TestRunner.sreachUserRunner@65f8f5ae]" started-at="2024-02-12T16:50:48 IST" name="feature" description="Runs Cucumber Feature" data-provider="features" finished-at="2024-02-12T16:51:46 IST" duration-ms="58128" status="PASS">
          <params>
            <param index="0">
              <value>
                <![CDATA[Administrator - Search User]]>
              </value>
            </param>
          </params>
          <reporter-output>
            <line>
              <![CDATA[About to begin executing following method : AbstractTestNGCucumberTests.feature]]>
            </line>
            <line>
              <![CDATA[Completed executing following method : AbstractTestNGCucumberTests.feature]]>
            </line>
            <line>
              <![CDATA[Test Method resides in com.cucumber.TestRunner.sreachUserRunner]]>
            </line>
            <line>
              <![CDATA[Test Method had the following parameters : nullAdministrator - Search User,]]>
            </line>
            <line>
              <![CDATA[Test Status: Pass]]>
            </line>
          </reporter-output>
        </test-method> <!-- feature -->
        <test-method is-config="true" signature="testDownClass()[pri:0, instance:com.cucumber.TestRunner.sreachUserRunner@65f8f5ae]" started-at="2024-02-12T16:51:46 IST" name="testDownClass" finished-at="2024-02-12T16:51:47 IST" duration-ms="189" status="PASS">
          <reporter-output>
            <line>
              <![CDATA[Completed executing following method : sreachUserRunner.testDownClass]]>
            </line>
          </reporter-output>
        </test-method> <!-- testDownClass -->
        <test-method is-config="true" signature="tearDownClass()[pri:0, instance:com.cucumber.TestRunner.sreachUserRunner@65f8f5ae]" started-at="2024-02-12T16:51:47 IST" name="tearDownClass" finished-at="2024-02-12T16:51:47 IST" duration-ms="37" status="PASS">
          <reporter-output>
            <line>
              <![CDATA[Completed executing following method : AbstractTestNGCucumberTests.tearDownClass]]>
            </line>
          </reporter-output>
        </test-method> <!-- tearDownClass -->
      </class> <!-- com.cucumber.TestRunner.sreachUserRunner -->
    </test> <!-- sreachUserRunner -->
    <test started-at="2024-02-12T16:51:47 IST" name="Edit Particulaser details" finished-at="2024-02-12T16:52:56 IST" duration-ms="69915">
      <class name="com.cucumber.TestRunner.EditparticularuserdetailsRunner">
        <test-method is-config="true" signature="setUpClass()[pri:0, instance:com.cucumber.TestRunner.EditparticularuserdetailsRunner@4b8d604b]" started-at="2024-02-12T16:51:47 IST" name="setUpClass" finished-at="2024-02-12T16:51:47 IST" duration-ms="7" status="PASS">
          <reporter-output>
            <line>
              <![CDATA[Completed executing following method : AbstractTestNGCucumberTests.setUpClass]]>
            </line>
          </reporter-output>
        </test-method> <!-- setUpClass -->
        <test-method is-config="true" signature="beforeclass(java.lang.String)[pri:0, instance:com.cucumber.TestRunner.EditparticularuserdetailsRunner@4b8d604b]" started-at="2024-02-12T16:51:47 IST" name="beforeclass" finished-at="2024-02-12T16:51:49 IST" duration-ms="2762" status="PASS">
          <params>
            <param index="0">
              <value>
                <![CDATA[chrome]]>
              </value>
            </param>
          </params>
          <reporter-output>
            <line>
              <![CDATA[Completed executing following method : EditparticularuserdetailsRunner.beforeclass]]>
            </line>
          </reporter-output>
        </test-method> <!-- beforeclass -->
        <test-method signature="feature(cucumber.api.testng.CucumberFeatureWrapper)[pri:0, instance:com.cucumber.TestRunner.EditparticularuserdetailsRunner@4b8d604b]" started-at="2024-02-12T16:51:49 IST" name="feature" description="Runs Cucumber Feature" data-provider="features" finished-at="2024-02-12T16:52:56 IST" duration-ms="66850" status="PASS">
          <params>
            <param index="0">
              <value>
                <![CDATA[Administrator - Edit particular user details]]>
              </value>
            </param>
          </params>
          <reporter-output>
            <line>
              <![CDATA[About to begin executing following method : AbstractTestNGCucumberTests.feature]]>
            </line>
            <line>
              <![CDATA[Completed executing following method : AbstractTestNGCucumberTests.feature]]>
            </line>
            <line>
              <![CDATA[Test Method resides in com.cucumber.TestRunner.EditparticularuserdetailsRunner]]>
            </line>
            <line>
              <![CDATA[Test Method had the following parameters : nullAdministrator - Edit particular user details,]]>
            </line>
            <line>
              <![CDATA[Test Status: Pass]]>
            </line>
          </reporter-output>
        </test-method> <!-- feature -->
        <test-method is-config="true" signature="testDownClass()[pri:0, instance:com.cucumber.TestRunner.EditparticularuserdetailsRunner@4b8d604b]" started-at="2024-02-12T16:52:56 IST" name="testDownClass" finished-at="2024-02-12T16:52:56 IST" duration-ms="244" status="PASS">
          <reporter-output>
            <line>
              <![CDATA[Completed executing following method : EditparticularuserdetailsRunner.testDownClass]]>
            </line>
          </reporter-output>
        </test-method> <!-- testDownClass -->
        <test-method is-config="true" signature="tearDownClass()[pri:0, instance:com.cucumber.TestRunner.EditparticularuserdetailsRunner@4b8d604b]" started-at="2024-02-12T16:52:56 IST" name="tearDownClass" finished-at="2024-02-12T16:52:56 IST" duration-ms="45" status="PASS">
          <reporter-output>
            <line>
              <![CDATA[Completed executing following method : AbstractTestNGCucumberTests.tearDownClass]]>
            </line>
          </reporter-output>
        </test-method> <!-- tearDownClass -->
      </class> <!-- com.cucumber.TestRunner.EditparticularuserdetailsRunner -->
    </test> <!-- Edit Particulaser details -->
    <test started-at="2024-02-12T16:52:56 IST" name="CreateDuplicateUser" finished-at="2024-02-12T16:53:58 IST" duration-ms="61467">
      <class name="com.cucumber.TestRunner.CreateDuplicateUserRunner">
        <test-method is-config="true" signature="setUpClass()[pri:0, instance:com.cucumber.TestRunner.CreateDuplicateUserRunner@14fc5f04]" started-at="2024-02-12T16:52:56 IST" name="setUpClass" finished-at="2024-02-12T16:52:56 IST" duration-ms="12" status="PASS">
          <reporter-output>
            <line>
              <![CDATA[Completed executing following method : AbstractTestNGCucumberTests.setUpClass]]>
            </line>
          </reporter-output>
        </test-method> <!-- setUpClass -->
        <test-method is-config="true" signature="beforeclass(java.lang.String)[pri:0, instance:com.cucumber.TestRunner.CreateDuplicateUserRunner@14fc5f04]" started-at="2024-02-12T16:52:56 IST" name="beforeclass" finished-at="2024-02-12T16:53:00 IST" duration-ms="3387" status="PASS">
          <params>
            <param index="0">
              <value>
                <![CDATA[chrome]]>
              </value>
            </param>
          </params>
          <reporter-output>
            <line>
              <![CDATA[Completed executing following method : CreateDuplicateUserRunner.beforeclass]]>
            </line>
          </reporter-output>
        </test-method> <!-- beforeclass -->
        <test-method signature="feature(cucumber.api.testng.CucumberFeatureWrapper)[pri:0, instance:com.cucumber.TestRunner.CreateDuplicateUserRunner@14fc5f04]" started-at="2024-02-12T16:53:00 IST" name="feature" description="Runs Cucumber Feature" data-provider="features" finished-at="2024-02-12T16:53:58 IST" duration-ms="57742" status="PASS">
          <params>
            <param index="0">
              <value>
                <![CDATA[Administrator - Check the flow of Duplicate user]]>
              </value>
            </param>
          </params>
          <reporter-output>
            <line>
              <![CDATA[About to begin executing following method : AbstractTestNGCucumberTests.feature]]>
            </line>
            <line>
              <![CDATA[Completed executing following method : AbstractTestNGCucumberTests.feature]]>
            </line>
            <line>
              <![CDATA[Test Method resides in com.cucumber.TestRunner.CreateDuplicateUserRunner]]>
            </line>
            <line>
              <![CDATA[Test Method had the following parameters : nullAdministrator - Check the flow of Duplicate user,]]>
            </line>
            <line>
              <![CDATA[Test Status: Pass]]>
            </line>
          </reporter-output>
        </test-method> <!-- feature -->
        <test-method is-config="true" signature="testDownClass()[pri:0, instance:com.cucumber.TestRunner.CreateDuplicateUserRunner@14fc5f04]" started-at="2024-02-12T16:53:58 IST" name="testDownClass" finished-at="2024-02-12T16:53:58 IST" duration-ms="248" status="PASS">
          <reporter-output>
            <line>
              <![CDATA[Completed executing following method : CreateDuplicateUserRunner.testDownClass]]>
            </line>
          </reporter-output>
        </test-method> <!-- testDownClass -->
        <test-method is-config="true" signature="tearDownClass()[pri:0, instance:com.cucumber.TestRunner.CreateDuplicateUserRunner@14fc5f04]" started-at="2024-02-12T16:53:58 IST" name="tearDownClass" finished-at="2024-02-12T16:53:58 IST" duration-ms="69" status="PASS">
          <reporter-output>
            <line>
              <![CDATA[Completed executing following method : AbstractTestNGCucumberTests.tearDownClass]]>
            </line>
          </reporter-output>
        </test-method> <!-- tearDownClass -->
      </class> <!-- com.cucumber.TestRunner.CreateDuplicateUserRunner -->
    </test> <!-- CreateDuplicateUser -->
  </suite> <!-- NspiraHrmsPortal -->
</testng-results>
